
Circuit 1 cell ppolyf_u_1k_6p0 and Circuit 2 cell ppolyf_u_1k_6p0 are black boxes.
Warning: Equate pins:  cell ppolyf_u_1k_6p0 is a placeholder, treated as a black box.
Warning: Equate pins:  cell ppolyf_u_1k_6p0 is a placeholder, treated as a black box.

Subcircuit pins:
Circuit 1: ppolyf_u_1k_6p0                 |Circuit 2: ppolyf_u_1k_6p0                 
-------------------------------------------|-------------------------------------------
1                                          |1                                          
2                                          |2                                          
3                                          |3                                          
---------------------------------------------------------------------------------------
Cell pin lists are equivalent.
Device classes ppolyf_u_1k_6p0 and ppolyf_u_1k_6p0 are equivalent.

Circuit 1 cell pfet_05v0 and Circuit 2 cell pfet_05v0 are black boxes.
Warning: Equate pins:  cell pfet_05v0 is a placeholder, treated as a black box.
Warning: Equate pins:  cell pfet_05v0 is a placeholder, treated as a black box.

Subcircuit pins:
Circuit 1: pfet_05v0                       |Circuit 2: pfet_05v0                       
-------------------------------------------|-------------------------------------------
1                                          |1                                          
2                                          |2                                          
3                                          |3                                          
4                                          |4                                          
---------------------------------------------------------------------------------------
Cell pin lists are equivalent.
Device classes pfet_05v0 and pfet_05v0 are equivalent.

Circuit 1 cell nfet_05v0 and Circuit 2 cell nfet_05v0 are black boxes.
Warning: Equate pins:  cell nfet_05v0 is a placeholder, treated as a black box.
Warning: Equate pins:  cell nfet_05v0 is a placeholder, treated as a black box.

Subcircuit pins:
Circuit 1: nfet_05v0                       |Circuit 2: nfet_05v0                       
-------------------------------------------|-------------------------------------------
1                                          |1                                          
2                                          |2                                          
3                                          |3                                          
4                                          |4                                          
---------------------------------------------------------------------------------------
Cell pin lists are equivalent.
Device classes nfet_05v0 and nfet_05v0 are equivalent.

Circuit 1 cell cap_mim_2f0_m4m5_noshield and Circuit 2 cell cap_mim_2f0fF are black boxes.
Warning: Equate pins:  cell cap_mim_2f0_m4m5_noshield is a placeholder, treated as a black box.
Warning: Equate pins:  cell cap_mim_2f0fF is a placeholder, treated as a black box.

Subcircuit pins:
Circuit 1: cap_mim_2f0_m4m5_noshield       |Circuit 2: cap_mim_2f0fF                   
-------------------------------------------|-------------------------------------------
1                                          |1                                          
2                                          |2                                          
---------------------------------------------------------------------------------------
Cell pin lists are equivalent.
Device classes cap_mim_2f0_m4m5_noshield and cap_mim_2f0fF are equivalent.

Class bandgap_opamp (0):  Merged 1 parallel devices.
Class bandgap_opamp (1):  Merged 14 parallel devices.
Subcircuit summary:
Circuit 1: bandgap_opamp                   |Circuit 2: bandgap_opamp                   
-------------------------------------------|-------------------------------------------
pfet_05v0 (22->6)                          |pfet_05v0 (22->6)                          
nfet_05v0 (30->4)                          |nfet_05v0 (30->4)                          
cap_mim_2f0_m4m5_noshield (1)              |cap_mim_2f0fF (1)                          
Number of devices: 11                      |Number of devices: 11                      
Number of nets: 9                          |Number of nets: 9                          
---------------------------------------------------------------------------------------
Netlists match uniquely.

Subcircuit pins:
Circuit 1: bandgap_opamp                   |Circuit 2: bandgap_opamp                   
-------------------------------------------|-------------------------------------------
vn                                         |vn                                         
vp                                         |vp                                         
VSS                                        |VSS                                        
VDD                                        |VDD                                        
ibias                                      |ibias                                      
vout                                       |vout                                       
---------------------------------------------------------------------------------------
Cell pin lists are equivalent.
Device classes bandgap_opamp and bandgap_opamp are equivalent.

Circuit 1 cell pnp_05p00x00p42 and Circuit 2 cell pnp_05p00x00p42 are black boxes.
Warning: Equate pins:  cell pnp_05p00x00p42 is a placeholder, treated as a black box.
Warning: Equate pins:  cell pnp_05p00x00p42 is a placeholder, treated as a black box.

Subcircuit pins:
Circuit 1: pnp_05p00x00p42                 |Circuit 2: pnp_05p00x00p42                 
-------------------------------------------|-------------------------------------------
1                                          |1                                          
2                                          |2                                          
3                                          |3                                          
---------------------------------------------------------------------------------------
Cell pin lists are equivalent.
Device classes pnp_05p00x00p42 and pnp_05p00x00p42 are equivalent.
Flattening unmatched subcell ppolyf_u_high_Rs_resistor$1 in circuit bandgap (0)(36 instances)
Flattening unmatched subcell ppolyf_u_high_Rs_resistor in circuit bandgap (0)(133 instances)

Cell bandgap (0) disconnected node: SUB
Cell bandgap (1) disconnected node: SUB
Class bandgap (0):  Merged 3 parallel devices.
Class bandgap (0):  Merged 161 series devices.
Class bandgap (1):  Merged 21 parallel devices.
Class bandgap (1):  Merged 163 series devices.
Cell bandgap (0) disconnected node: SUB
Cell bandgap (1) disconnected node: SUB
Subcircuit summary:
Circuit 1: bandgap                         |Circuit 2: bandgap                         
-------------------------------------------|-------------------------------------------
ppolyf_u_1k_6p0 (169->8)                   |ppolyf_u_1k_6p0 (169->6) **Mismatch**      
bandgap_opamp (1)                          |bandgap_opamp (1)                          
pnp_05p00x00p42 (32->5)                    |pnp_05p00x00p42 (32->5)                    
pfet_05v0 (176->33)                        |pfet_05v0 (176->31) **Mismatch**           
nfet_05v0 (114->10)                        |nfet_05v0 (114->11) **Mismatch**           
Number of devices: 57 **Mismatch**         |Number of devices: 54 **Mismatch**         
Number of nets: 45 **Mismatch**            |Number of nets: 37 **Mismatch**            
---------------------------------------------------------------------------------------
NET mismatches: Class fragments follow (with fanout counts):
Circuit 1: bandgap                         |Circuit 2: bandgap                         

---------------------------------------------------------------------------------------
Net: m2_3477_n9001#                        |Net: vbjt_ptat[0]                          
  ppolyf_u_1k_6p0/(1|2) = 1                |  pnp_05p00x00p42/3 = 1                    
                                           |  ppolyf_u_1k_6p0/(1|2) = 1                
                                           |                                           
Net: via_dev$1_26[0|0]/m1_0_0#             |Net: vbjt_bg[0]                            
  ppolyf_u_1k_6p0/(1|2) = 1                |  pnp_05p00x00p42/3 = 1                    
                                           |  ppolyf_u_1k_6p0/(1|2) = 1                
                                           |                                           
Net: VDD                                   |Net: VDD                                   
  bandgap_opamp/VDD = 1                    |  bandgap_opamp/VDD = 1                    
  pfet_05v0/(1|3) = 17                     |  pfet_05v0/(1|3) = 17                     
  pfet_05v0/4 = 16                         |  pfet_05v0/4 = 29                         
  pfet_05v0/2 = 1                          |  pfet_05v0/2 = 1                          
                                           |  ppolyf_u_1k_6p0/3 = 6                    
                                           |                                           
Net: via_dev$1_28[2|6]/m1_0_0#             |Net: vbe2                                  
  ppolyf_u_1k_6p0/(1|2) = 1                |  nfet_05v0/4 = 3                          
                                           |  nfet_05v0/(1|3) = 3                      
                                           |  nfet_05v0/2 = 1                          
                                           |  pnp_05p00x00p42/3 = 1                    
                                           |                                           
Net: VSS                                   |Net: VSS                                   
  ppolyf_u_1k_6p0/(1|2) = 3                |  ppolyf_u_1k_6p0/(1|2) = 3                
  ppolyf_u_1k_6p0/3 = 8                    |  pfet_05v0/(1|3) = 2                      
  bandgap_opamp/VSS = 1                    |  bandgap_opamp/VSS = 1                    
  pnp_05p00x00p42/2 = 5                    |  pnp_05p00x00p42/2 = 5                    
  pnp_05p00x00p42/3 = 5                    |  pnp_05p00x00p42/3 = 1                    
  nfet_05v0/(1|3) = 10                     |  nfet_05v0/(1|3) = 10                     
  nfet_05v0/2 = 1                          |  nfet_05v0/2 = 1                          
  nfet_05v0/4 = 10                         |  nfet_05v0/4 = 8                          
  pnp_05p00x00p42/1 = 1                    |  pnp_05p00x00p42/1 = 5                    
                                           |                                           
Net: a_n22645_6505#                        |(no matching net)                          
  pfet_05v0/(1|3) = 1                      |                                           
                                           |                                           
Net: a_n18269_6505#                        |(no matching net)                          
  pfet_05v0/(1|3) = 1                      |                                           
                                           |                                           
Net: m2_n9326_n8552#                       |(no matching net)                          
  ppolyf_u_1k_6p0/(1|2) = 1                |                                           
  pnp_05p00x00p42/1 = 1                    |                                           
                                           |                                           
Net: m1_4002_n9557#                        |(no matching net)                          
  ppolyf_u_1k_6p0/(1|2) = 1                |                                           
  pnp_05p00x00p42/1 = 1                    |                                           
                                           |                                           
Net: a_13418_n2587#                        |(no matching net)                          
  nfet_05v0/(1|3) = 1                      |                                           
  pnp_05p00x00p42/1 = 1                    |                                           
                                           |                                           
Net: via_dev$1_26[1|0]/m1_0_0#             |(no matching net)                          
  ppolyf_u_1k_6p0/(1|2) = 1                |                                           
                                           |                                           
Net: w_n8995_2820#                         |(no matching net)                          
  pfet_05v0/4 = 9                          |                                           
  pfet_05v0/(1|3) = 2                      |                                           
  pfet_05v0/2 = 1                          |                                           
                                           |                                           
Net: w_9995_4737#                          |(no matching net)                          
  pfet_05v0/4 = 6                          |                                           
  pfet_05v0/(1|3) = 2                      |                                           
  pfet_05v0/2 = 1                          |                                           
---------------------------------------------------------------------------------------

---------------------------------------------------------------------------------------
Net: m3_9499_6017#                         |Net: vpref_ctat                            
  ppolyf_u_1k_6p0/(1|2) = 1                |  pfet_05v0/2 = 5                          
  pfet_05v0/2 = 5                          |  pfet_05v0/(1|3) = 1                      
  nfet_05v0/(1|3) = 1                      |  ppolyf_u_1k_6p0/(1|2) = 1                
                                           |                                           
Net: m3_9250_15170#                        |Net: vpcas_ctat                            
  ppolyf_u_1k_6p0/(1|2) = 1                |  nfet_05v0/(1|3) = 1                      
  pfet_05v0/2 = 5                          |  pfet_05v0/2 = 5                          
  pfet_05v0/(1|3) = 1                      |  ppolyf_u_1k_6p0/(1|2) = 1                
---------------------------------------------------------------------------------------

---------------------------------------------------------------------------------------
Net: bandgap_opamp_0/vn                    |Net: vbe                                   
  bandgap_opamp/vn = 1                     |  bandgap_opamp/vn = 1                     
  pnp_05p00x00p42/1 = 1                    |  pnp_05p00x00p42/3 = 1                    
  pfet_05v0/(1|3) = 1                      |  pfet_05v0/(1|3) = 1                      
---------------------------------------------------------------------------------------
DEVICE mismatches: Class fragments follow (with node fanout counts):
Circuit 1: bandgap                         |Circuit 2: bandgap                         

---------------------------------------------------------------------------------------
Instance: ppolyf_u_high_Rs_resistor_0[0|0] |Instance: ppolyf_u_1k_6p0:Rpcas[7]         
  (1,2) = (7,1)                            |  (1,2) = (7,7)                            
  3 = 44                                   |  3 = 54                                   
                                           |                                           
Instance: ppolyf_u_high_Rs_resistor_0[1|0] |Instance: pfet_05v0:Mpref_dumm_L[1]        
  (1,2) = (7,1)                            |  (1,3) = (54,54)                          
  3 = 44                                   |  2 = 54                                   
                                           |  4 = 54                                   
                                           |                                           
Instance: ppolyf_u_high_Rs_resistor_1[2|18 |Instance: nfet_05v0:Mnref_dumm_L[7]        
  (1,2) = (2,1)                            |  (1,3) = (8,8)                            
  3 = 44                                   |  2 = 8                                    
                                           |  4 = 8                                    
                                           |                                           
Instance: pfet_05v0:10                     |Instance: nfet_05v0:M7[1]                  
  (1,3) = (35,35)                          |  (1,3) = (36,36)                          
  2 = 35                                   |  2 = 36                                   
  4 = 35                                   |  4 = 36                                   
                                           |                                           
Instance: pfet_05v0:26                     |(no matching instance)                     
  (1,3) = (9,9)                            |                                           
  2 = 9                                    |                                           
  4 = 9                                    |                                           
                                           |                                           
                                           |                                           
Instance: pfet_05v0:35                     |(no matching instance)                     
  (1,3) = (12,12)                          |                                           
  2 = 12                                   |                                           
  4 = 12                                   |                                           
                                           |                                           
                                           |                                           
Instance: nfet_05v0:2                      |(no matching instance)                     
  (1,3) = (44,44)                          |                                           
  2 = 44                                   |                                           
  4 = 44                                   |                                           
                                           |                                           
---------------------------------------------------------------------------------------

---------------------------------------------------------------------------------------
Instance: pnp_05p00x00p42:32               |Instance: pnp_05p00x00p42:Q1               
  1 = 3                                    |  1 = 36                                   
  2 = 44                                   |  2 = 36                                   
  3 = 44                                   |  3 = 3                                    
---------------------------------------------------------------------------------------
Netlists do not match.
Port matching may fail to disambiguate symmetries.

Subcircuit pins:
Circuit 1: bandgap                         |Circuit 2: bandgap                         
-------------------------------------------|-------------------------------------------
VSS                                        |(no pin, node is vbjt_ptat[0])             
Cell pin lists are equivalent.
Device classes bandgap and bandgap are equivalent.

Final result: Netlists do not match.
Port matching may fail to disambiguate symmetries.
